<?xml version="1.0" encoding="UTF-8"?>
<!-- Generated by org.testng.reporters.JUnitReportReporter -->
<testsuite skipped="0" hostname="SABBIR" name="testCase.HomePageTest" tests="9" failures="0" timestamp="2023-10-14T01:44:41 BDT" time="165.462" errors="0">
  <testcase name="NewAddressAdd" time="46.041" classname="testCase.HomePageTest"/>
  <system-out/>
  <testcase name="UpdateMyAccountInfo" time="26.072" classname="testCase.HomePageTest"/>
  <system-out/>
  <testcase name="DeleteAddress" time="8.911" classname="testCase.HomePageTest"/>
  <system-out/>
  <testcase name="CardProductDelete" time="9.910" classname="testCase.HomePageTest"/>
  <system-out/>
  <testcase name="AddCardPart" time="20.329" classname="testCase.HomePageTest"/>
  <system-out/>
  <testcase name="testAppAutomation" time="8.560" classname="testCase.HomePageTest"/>
  <system-out/>
  <testcase name="WishListRemove" time="9.851" classname="testCase.HomePageTest"/>
  <system-out/>
  <testcase name="LoginPages" time="20.957" classname="testCase.HomePageTest"/>
  <system-out/>
  <testcase name="HomeMenuPage" time="14.831" classname="testCase.HomePageTest"/>
  <system-out/>
</testsuite> <!-- testCase.HomePageTest -->
